0:0:0:0:0:0:0:1 - - [08/May/2018:16:35:10 -0600] "POST /login HTTP/1.1" 302 -
0:0:0:0:0:0:0:1 - - [08/May/2018:16:35:10 -0600] "GET /login?error HTTP/1.1" 200 643
0:0:0:0:0:0:0:1 - - [08/May/2018:16:35:13 -0600] "GET /favicon.ico HTTP/1.1" 302 -
0:0:0:0:0:0:0:1 - - [08/May/2018:16:35:13 -0600] "GET /login HTTP/1.1" 200 535
0:0:0:0:0:0:0:1 - - [08/May/2018:16:35:46 -0600] "GET /h2 HTTP/1.1" 302 -
0:0:0:0:0:0:0:1 - - [08/May/2018:16:35:46 -0600] "GET /login HTTP/1.1" 200 535
0:0:0:0:0:0:0:1 - - [08/May/2018:16:35:49 -0600] "GET /h2 HTTP/1.1" 302 -
0:0:0:0:0:0:0:1 - - [08/May/2018:16:35:49 -0600] "GET /login HTTP/1.1" 200 535
0:0:0:0:0:0:0:1 - - [08/May/2018:16:35:50 -0600] "GET /favicon.ico HTTP/1.1" 302 -
0:0:0:0:0:0:0:1 - - [08/May/2018:16:35:50 -0600] "GET /login HTTP/1.1" 200 535
0:0:0:0:0:0:0:1 - - [08/May/2018:16:36:07 -0600] "GET /h2 HTTP/1.1" 302 -
0:0:0:0:0:0:0:1 - - [08/May/2018:16:36:07 -0600] "GET /login HTTP/1.1" 200 535
0:0:0:0:0:0:0:1 - - [08/May/2018:16:36:09 -0600] "GET /h2-console HTTP/1.1" 302 -
0:0:0:0:0:0:0:1 - - [08/May/2018:16:36:09 -0600] "GET /login HTTP/1.1" 200 535
0:0:0:0:0:0:0:1 - - [08/May/2018:16:36:09 -0600] "GET /favicon.ico HTTP/1.1" 302 -
0:0:0:0:0:0:0:1 - - [08/May/2018:16:36:10 -0600] "GET /login HTTP/1.1" 200 535
0:0:0:0:0:0:0:1 - - [08/May/2018:16:36:36 -0600] "GET /h2 HTTP/1.1" 302 -
0:0:0:0:0:0:0:1 - - [08/May/2018:16:36:36 -0600] "GET /login HTTP/1.1" 200 535
0:0:0:0:0:0:0:1 - - [08/May/2018:16:36:36 -0600] "GET /favicon.ico HTTP/1.1" 302 -
0:0:0:0:0:0:0:1 - - [08/May/2018:16:36:36 -0600] "GET /login HTTP/1.1" 200 535
0:0:0:0:0:0:0:1 - - [08/May/2018:16:44:54 -0600] "GET /console HTTP/1.1" 302 -
0:0:0:0:0:0:0:1 - - [08/May/2018:16:44:54 -0600] "GET /login HTTP/1.1" 200 535
0:0:0:0:0:0:0:1 - - [08/May/2018:16:44:55 -0600] "GET /favicon.ico HTTP/1.1" 302 -
0:0:0:0:0:0:0:1 - - [08/May/2018:16:44:55 -0600] "GET /login HTTP/1.1" 200 535
0:0:0:0:0:0:0:1 - - [08/May/2018:16:45:11 -0600] "POST /login HTTP/1.1" 302 -
0:0:0:0:0:0:0:1 - - [08/May/2018:16:45:11 -0600] "GET /login?error HTTP/1.1" 200 643
0:0:0:0:0:0:0:1 - - [08/May/2018:16:45:12 -0600] "GET /favicon.ico HTTP/1.1" 302 -
0:0:0:0:0:0:0:1 - - [08/May/2018:16:45:12 -0600] "GET /login HTTP/1.1" 200 535
0:0:0:0:0:0:0:1 - - [08/May/2018:16:46:43 -0600] "GET /h2 HTTP/1.1" 302 -
0:0:0:0:0:0:0:1 - - [08/May/2018:16:46:43 -0600] "GET /login HTTP/1.1" 200 535
0:0:0:0:0:0:0:1 - - [08/May/2018:16:46:44 -0600] "GET /favicon.ico HTTP/1.1" 302 -
0:0:0:0:0:0:0:1 - - [08/May/2018:16:46:44 -0600] "GET /login HTTP/1.1" 200 535
0:0:0:0:0:0:0:1 - - [08/May/2018:16:46:54 -0600] "GET /console HTTP/1.1" 302 -
0:0:0:0:0:0:0:1 - - [08/May/2018:16:46:54 -0600] "GET /login HTTP/1.1" 200 535
0:0:0:0:0:0:0:1 - - [08/May/2018:16:46:54 -0600] "GET /favicon.ico HTTP/1.1" 302 -
0:0:0:0:0:0:0:1 - - [08/May/2018:16:46:54 -0600] "GET /login HTTP/1.1" 200 535
0:0:0:0:0:0:0:1 - - [08/May/2018:16:47:15 -0600] "GET /h2 HTTP/1.1" 302 -
0:0:0:0:0:0:0:1 - - [08/May/2018:16:47:15 -0600] "GET /login HTTP/1.1" 200 535
0:0:0:0:0:0:0:1 - - [08/May/2018:16:47:16 -0600] "GET /favicon.ico HTTP/1.1" 302 -
0:0:0:0:0:0:0:1 - - [08/May/2018:16:47:16 -0600] "GET /login HTTP/1.1" 200 535
0:0:0:0:0:0:0:1 - - [08/May/2018:16:50:13 -0600] "GET /h2 HTTP/1.1" 302 -
0:0:0:0:0:0:0:1 - - [08/May/2018:16:50:13 -0600] "GET /login HTTP/1.1" 200 535
0:0:0:0:0:0:0:1 - - [08/May/2018:16:50:13 -0600] "GET /h2 HTTP/1.1" 302 -
0:0:0:0:0:0:0:1 - - [08/May/2018:16:50:13 -0600] "GET /login HTTP/1.1" 200 535
0:0:0:0:0:0:0:1 - - [08/May/2018:16:50:14 -0600] "GET /favicon.ico HTTP/1.1" 302 -
0:0:0:0:0:0:0:1 - - [08/May/2018:16:50:14 -0600] "GET /login HTTP/1.1" 200 535
0:0:0:0:0:0:0:1 - - [08/May/2018:16:52:20 -0600] "GET /h2 HTTP/1.1" 302 -
0:0:0:0:0:0:0:1 - - [08/May/2018:16:52:20 -0600] "GET /login HTTP/1.1" 200 535
0:0:0:0:0:0:0:1 - - [08/May/2018:16:52:21 -0600] "GET /h2 HTTP/1.1" 302 -
0:0:0:0:0:0:0:1 - - [08/May/2018:16:52:21 -0600] "GET /login HTTP/1.1" 200 535
0:0:0:0:0:0:0:1 - - [08/May/2018:16:52:22 -0600] "GET /favicon.ico HTTP/1.1" 302 -
0:0:0:0:0:0:0:1 - - [08/May/2018:16:52:22 -0600] "GET /login HTTP/1.1" 200 535
0:0:0:0:0:0:0:1 - - [08/May/2018:16:52:27 -0600] "GET /h2 HTTP/1.1" 302 -
0:0:0:0:0:0:0:1 - - [08/May/2018:16:52:27 -0600] "GET /login HTTP/1.1" 200 535
0:0:0:0:0:0:0:1 - - [08/May/2018:16:52:31 -0600] "GET /h2-console HTTP/1.1" 302 -
0:0:0:0:0:0:0:1 - - [08/May/2018:16:52:31 -0600] "GET /login HTTP/1.1" 200 535
0:0:0:0:0:0:0:1 - - [08/May/2018:16:52:32 -0600] "GET /favicon.ico HTTP/1.1" 302 -
0:0:0:0:0:0:0:1 - - [08/May/2018:16:52:32 -0600] "GET /login HTTP/1.1" 200 535
0:0:0:0:0:0:0:1 - - [08/May/2018:16:52:40 -0600] "GET /console HTTP/1.1" 302 -
0:0:0:0:0:0:0:1 - - [08/May/2018:16:52:40 -0600] "GET /login HTTP/1.1" 200 535
0:0:0:0:0:0:0:1 - - [08/May/2018:16:52:40 -0600] "GET /favicon.ico HTTP/1.1" 302 -
0:0:0:0:0:0:0:1 - - [08/May/2018:16:52:40 -0600] "GET /login HTTP/1.1" 200 535
0:0:0:0:0:0:0:1 - - [08/May/2018:17:02:17 -0600] "GET /h2_console HTTP/1.1" 302 -
0:0:0:0:0:0:0:1 - - [08/May/2018:17:02:17 -0600] "GET /login HTTP/1.1" 200 535
0:0:0:0:0:0:0:1 - - [08/May/2018:17:02:19 -0600] "GET /favicon.ico HTTP/1.1" 302 -
0:0:0:0:0:0:0:1 - - [08/May/2018:17:02:19 -0600] "GET /login HTTP/1.1" 200 535
0:0:0:0:0:0:0:1 - - [08/May/2018:17:02:31 -0600] "POST /login HTTP/1.1" 302 -
0:0:0:0:0:0:0:1 - - [08/May/2018:17:02:31 -0600] "GET /login?error HTTP/1.1" 200 643
0:0:0:0:0:0:0:1 - - [08/May/2018:17:02:31 -0600] "GET /favicon.ico HTTP/1.1" 302 -
0:0:0:0:0:0:0:1 - - [08/May/2018:17:02:31 -0600] "GET /login HTTP/1.1" 200 535
0:0:0:0:0:0:0:1 - - [08/May/2018:17:04:50 -0600] "GET /h2_console HTTP/1.1" 302 -
0:0:0:0:0:0:0:1 - - [08/May/2018:17:04:50 -0600] "GET /login HTTP/1.1" 200 535
0:0:0:0:0:0:0:1 - - [08/May/2018:17:04:52 -0600] "GET /favicon.ico HTTP/1.1" 302 -
0:0:0:0:0:0:0:1 - - [08/May/2018:17:04:52 -0600] "GET /login HTTP/1.1" 200 535
0:0:0:0:0:0:0:1 - - [08/May/2018:17:11:55 -0600] "GET /h2-console HTTP/1.1" 302 -
0:0:0:0:0:0:0:1 - - [08/May/2018:17:11:55 -0600] "GET /login HTTP/1.1" 200 535
0:0:0:0:0:0:0:1 - - [08/May/2018:17:11:56 -0600] "GET /favicon.ico HTTP/1.1" 302 -
0:0:0:0:0:0:0:1 - - [08/May/2018:17:11:56 -0600] "GET /login HTTP/1.1" 200 535
0:0:0:0:0:0:0:1 - - [08/May/2018:17:17:06 -0600] "GET /h2-console HTTP/1.1" 302 -
0:0:0:0:0:0:0:1 - - [08/May/2018:17:17:06 -0600] "GET /h2-console/ HTTP/1.1" 200 937
0:0:0:0:0:0:0:1 - - [08/May/2018:17:17:06 -0600] "GET /h2-console/stylesheet.css HTTP/1.1" 200 4925
0:0:0:0:0:0:0:1 - - [08/May/2018:17:17:06 -0600] "GET /h2-console/login.jsp?jsessionid=a411203512bf761bb883d335f0ea3147 HTTP/1.1" 200 8903
0:0:0:0:0:0:0:1 - - [08/May/2018:17:17:07 -0600] "GET /h2-console/background.gif HTTP/1.1" 200 169
0:0:0:0:0:0:0:1 - - [08/May/2018:17:17:07 -0600] "GET /favicon.ico HTTP/1.1" 200 946
0:0:0:0:0:0:0:1 - - [08/May/2018:17:17:13 -0600] "POST /h2-console/test.do?jsessionid=a411203512bf761bb883d335f0ea3147 HTTP/1.1" 200 8945
